<?xml version="1.0" encoding="UTF-8"?>
<!-- Generated by org.testng.reporters.JUnitReportReporter -->
<testsuite hostname="LENO-PC0CWH8R" failures="0" tests="1" name="Practice.AddToCartTest" time="0.013" errors="0" timestamp="2022-09-13T21:47:07 IST" skipped="0">
  <testcase classname="Practice.AddToCartTest" name="AddCartTest" time="0.013"/>
  <system-out/>
</testsuite> <!-- Practice.AddToCartTest -->
