<?xml version="1.0" encoding="UTF-8"?>
<!-- Generated by org.testng.reporters.JUnitReportReporter -->
<testsuite hostname="LENO-PC0CWH8R" failures="0" tests="2" name="Practice.AddToCartTest" time="0.017" errors="0" timestamp="2022-09-13T22:40:07 IST" skipped="0">
  <testcase classname="Practice.AddToCartTest" name="AddCartTest" time="0.015"/>
  <system-out/>
  <testcase classname="Practice.AddToCartTest" name="RemoveCartTest" time="0.002"/>
  <system-out/>
</testsuite> <!-- Practice.AddToCartTest -->
