<?xml version="1.0" encoding="UTF-8"?>
<!-- Generated by org.testng.reporters.JUnitReportReporter -->
<testsuite hostname="LENO-PC0CWH8R" failures="0" tests="1" name="Practice.sampleTest" time="0.012" errors="0" timestamp="2022-09-14T10:15:58 IST" skipped="0">
  <testcase classname="Practice.sampleTest" name="sample1Test" time="0.012"/>
  <system-out/>
</testsuite> <!-- Practice.sampleTest -->
